build/outputs/logs/manifest-merger-debug-report.txt
-- Merging decision tree log ---
manifest
ADDED from nexpa_v7\nexpa_and_std\AndroidManifest.xml:2:1-169:12
	package
		ADDED from nexpa_v7\nexpa_and_std\AndroidManifest.xml:3:5-31
		INJECTED from nexpa_v7\nexpa_and_std\AndroidManifest.xml
		INJECTED from nexpa_v7\nexpa_and_std\AndroidManifest.xml
	android:versionName
		ADDED from nexpa_v7\nexpa_and_std\AndroidManifest.xml:6:5-30
		INJECTED from nexpa_v7\nexpa_and_std\AndroidManifest.xml
		INJECTED from nexpa_v7\nexpa_and_std\AndroidManifest.xml
	android:versionCode
		ADDED from nexpa_v7\nexpa_and_std\AndroidManifest.xml:5:5-28
		INJECTED from nexpa_v7\nexpa_and_std\AndroidManifest.xml
		INJECTED from nexpa_v7\nexpa_and_std\AndroidManifest.xml
	xmlns:android
		ADDED from nexpa_v7\nexpa_and_std\AndroidManifest.xml:2:11-69
	android:largeHeap
		ADDED from nexpa_v7\nexpa_and_std\AndroidManifest.xml:4:5-29
uses-sdk
ADDED from nexpa_v7\nexpa_and_std\AndroidManifest.xml:8:5-10:41
MERGED from [com.android.support:appcompat-v7:23.1.1] AndroidManifest.xml:20:5-43
MERGED from [com.android.support:support-v4:23.1.1] AndroidManifest.xml:20:5-43
MERGED from [com.android.support:recyclerview-v7:23.1.1] AndroidManifest.xml:20:5-43
MERGED from [com.android.support:support-v4:23.1.1] AndroidManifest.xml:20:5-43
MERGED from [com.appyvet:materialrangebar:1.3] AndroidManifest.xml:7:5-9:41
MERGED from [com.android.support:support-v4:23.1.1] AndroidManifest.xml:20:5-43
MERGED from [com.github.nirhart:parallaxscroll:1.0] AndroidManifest.xml:7:5-9:41
MERGED from [com.github.johnkil.android-appmsg:appmsg:1.2.0] AndroidManifest.xml:3:5-72
MERGED from [com.google.android.gms:play-services-gcm:8.4.0] AndroidManifest.xml:18:5-42
MERGED from [com.google.android.gms:play-services-base:8.4.0] AndroidManifest.xml:18:5-42
MERGED from [com.google.android.gms:play-services-basement:8.4.0] AndroidManifest.xml:18:5-42
MERGED from [com.android.support:support-v4:23.1.1] AndroidManifest.xml:20:5-43
MERGED from [com.google.android.gms:play-services-measurement:8.4.0] AndroidManifest.xml:18:5-42
MERGED from [com.google.android.gms:play-services-basement:8.4.0] AndroidManifest.xml:18:5-42
MERGED from [com.android.support:support-v4:23.1.1] AndroidManifest.xml:20:5-43
MERGED from [com.google.android.gms:play-services-location:8.4.0] AndroidManifest.xml:18:5-42
MERGED from [com.google.android.gms:play-services-base:8.4.0] AndroidManifest.xml:18:5-42
MERGED from [com.google.android.gms:play-services-basement:8.4.0] AndroidManifest.xml:18:5-42
MERGED from [com.android.support:support-v4:23.1.1] AndroidManifest.xml:20:5-43
MERGED from [com.google.android.gms:play-services-maps:8.4.0] AndroidManifest.xml:26:5-42
MERGED from [com.google.android.gms:play-services-base:8.4.0] AndroidManifest.xml:18:5-42
MERGED from [com.google.android.gms:play-services-basement:8.4.0] AndroidManifest.xml:18:5-42
MERGED from [com.android.support:support-v4:23.1.1] AndroidManifest.xml:20:5-43
MERGED from [com.github.siyamed:android-shape-imageview:0.9.3] AndroidManifest.xml:8:5-10:41
	android:targetSdkVersion
		ADDED from nexpa_v7\nexpa_and_std\AndroidManifest.xml:10:9-38
		INJECTED from nexpa_v7\nexpa_and_std\AndroidManifest.xml
		INJECTED from nexpa_v7\nexpa_and_std\AndroidManifest.xml
	android:minSdkVersion
		ADDED from nexpa_v7\nexpa_and_std\AndroidManifest.xml:9:9-35
		INJECTED from nexpa_v7\nexpa_and_std\AndroidManifest.xml
		INJECTED from nexpa_v7\nexpa_and_std\AndroidManifest.xml
uses-permission#android.permission.ACCESS_COARSE_LOCATION
ADDED from nexpa_v7\nexpa_and_std\AndroidManifest.xml:15:5-81
	android:name
		ADDED from nexpa_v7\nexpa_and_std\AndroidManifest.xml:15:22-78
uses-permission#android.permission.ACCESS_FINE_LOCATION
ADDED from nexpa_v7\nexpa_and_std\AndroidManifest.xml:16:5-79
	android:name
		ADDED from nexpa_v7\nexpa_and_std\AndroidManifest.xml:16:22-76
uses-permission#android.permission.ACCESS_NETWORK_STATE
ADDED from nexpa_v7\nexpa_and_std\AndroidManifest.xml:17:5-79
MERGED from [com.google.android.gms:play-services-measurement:8.4.0] AndroidManifest.xml:22:5-79
MERGED from [com.google.android.gms:play-services-maps:8.4.0] AndroidManifest.xml:20:5-78
	android:name
		ADDED from nexpa_v7\nexpa_and_std\AndroidManifest.xml:17:22-76
uses-permission#android.permission.INTERNET
ADDED from nexpa_v7\nexpa_and_std\AndroidManifest.xml:18:5-67
MERGED from [com.google.android.gms:play-services-gcm:8.4.0] AndroidManifest.xml:22:5-67
MERGED from [com.google.android.gms:play-services-measurement:8.4.0] AndroidManifest.xml:21:5-67
MERGED from [com.google.android.gms:play-services-maps:8.4.0] AndroidManifest.xml:21:5-66
	android:name
		ADDED from nexpa_v7\nexpa_and_std\AndroidManifest.xml:18:22-64
uses-permission#android.permission.READ_EXTERNAL_STORAGE
ADDED from nexpa_v7\nexpa_and_std\AndroidManifest.xml:19:5-80
	android:name
		ADDED from nexpa_v7\nexpa_and_std\AndroidManifest.xml:19:22-77
uses-permission#android.permission.WRITE_EXTERNAL_STORAGE
ADDED from nexpa_v7\nexpa_and_std\AndroidManifest.xml:20:5-81
	android:name
		ADDED from nexpa_v7\nexpa_and_std\AndroidManifest.xml:20:22-78
uses-permission#android.permission.WAKE_LOCK
ADDED from nexpa_v7\nexpa_and_std\AndroidManifest.xml:21:5-68
MERGED from [com.google.android.gms:play-services-measurement:8.4.0] AndroidManifest.xml:24:5-67
	android:name
		ADDED from nexpa_v7\nexpa_and_std\AndroidManifest.xml:21:22-65
uses-permission#com.google.android.c2dm.permission.RECEIVE
ADDED from nexpa_v7\nexpa_and_std\AndroidManifest.xml:22:5-82
MERGED from [com.google.android.gms:play-services-gcm:8.4.0] AndroidManifest.xml:21:5-82
	android:name
		ADDED from nexpa_v7\nexpa_and_std\AndroidManifest.xml:22:22-79
permission#com.example.gcm.permission.C2D_MESSAGE
ADDED from nexpa_v7\nexpa_and_std\AndroidManifest.xml:24:5-26:47
	android:protectionLevel
		ADDED from nexpa_v7\nexpa_and_std\AndroidManifest.xml:26:9-44
	android:name
		ADDED from nexpa_v7\nexpa_and_std\AndroidManifest.xml:25:9-62
uses-permission#com.example.gcm.permission.C2D_MESSAGE
ADDED from nexpa_v7\nexpa_and_std\AndroidManifest.xml:28:5-78
	android:name
		ADDED from nexpa_v7\nexpa_and_std\AndroidManifest.xml:28:22-75
application
ADDED from nexpa_v7\nexpa_and_std\AndroidManifest.xml:30:5-167:19
MERGED from [com.android.support:appcompat-v7:23.1.1] AndroidManifest.xml:22:5-20
MERGED from [com.android.support:support-v4:23.1.1] AndroidManifest.xml:22:5-20
MERGED from [com.android.support:support-v4:23.1.1] AndroidManifest.xml:22:5-20
MERGED from [com.android.support:support-v4:23.1.1] AndroidManifest.xml:22:5-20
MERGED from [com.github.nirhart:parallaxscroll:1.0] AndroidManifest.xml:11:5-20
MERGED from [com.github.johnkil.android-appmsg:appmsg:1.2.0] AndroidManifest.xml:5:5-19
MERGED from [com.google.android.gms:play-services-gcm:8.4.0] AndroidManifest.xml:24:5-20
MERGED from [com.google.android.gms:play-services-basement:8.4.0] AndroidManifest.xml:20:5-24:19
MERGED from [com.android.support:support-v4:23.1.1] AndroidManifest.xml:22:5-20
MERGED from [com.google.android.gms:play-services-measurement:8.4.0] AndroidManifest.xml:26:5-46:19
MERGED from [com.google.android.gms:play-services-basement:8.4.0] AndroidManifest.xml:20:5-24:19
MERGED from [com.android.support:support-v4:23.1.1] AndroidManifest.xml:22:5-20
MERGED from [com.google.android.gms:play-services-location:8.4.0] AndroidManifest.xml:19:5-20
MERGED from [com.google.android.gms:play-services-basement:8.4.0] AndroidManifest.xml:20:5-24:19
MERGED from [com.android.support:support-v4:23.1.1] AndroidManifest.xml:22:5-20
MERGED from [com.google.android.gms:play-services-maps:8.4.0] AndroidManifest.xml:27:5-20
MERGED from [com.google.android.gms:play-services-basement:8.4.0] AndroidManifest.xml:20:5-24:19
MERGED from [com.android.support:support-v4:23.1.1] AndroidManifest.xml:22:5-20
	android:label
		ADDED from nexpa_v7\nexpa_and_std\AndroidManifest.xml:34:9-41
	android:allowBackup
		ADDED from nexpa_v7\nexpa_and_std\AndroidManifest.xml:32:9-35
	android:icon
		ADDED from nexpa_v7\nexpa_and_std\AndroidManifest.xml:33:9-45
	android:theme
		ADDED from nexpa_v7\nexpa_and_std\AndroidManifest.xml:35:9-65
	android:name
		ADDED from nexpa_v7\nexpa_and_std\AndroidManifest.xml:31:9-52
meta-data#com.google.android.gms.version
ADDED from nexpa_v7\nexpa_and_std\AndroidManifest.xml:38:9-40:69
MERGED from [com.google.android.gms:play-services-basement:8.4.0] AndroidManifest.xml:21:9-23:69
MERGED from [com.google.android.gms:play-services-basement:8.4.0] AndroidManifest.xml:21:9-23:69
MERGED from [com.google.android.gms:play-services-basement:8.4.0] AndroidManifest.xml:21:9-23:69
MERGED from [com.google.android.gms:play-services-basement:8.4.0] AndroidManifest.xml:21:9-23:69
	android:value
		ADDED from nexpa_v7\nexpa_and_std\AndroidManifest.xml:40:13-66
	android:name
		ADDED from nexpa_v7\nexpa_and_std\AndroidManifest.xml:39:13-58
activity#com.lpoezy.nexpa.activities.SplashScreen
ADDED from nexpa_v7\nexpa_and_std\AndroidManifest.xml:42:9-50:20
	android:label
		ADDED from nexpa_v7\nexpa_and_std\AndroidManifest.xml:44:13-45
	android:name
		ADDED from nexpa_v7\nexpa_and_std\AndroidManifest.xml:43:13-52
intent-filter#android.intent.action.MAIN+android.intent.category.LAUNCHER
ADDED from nexpa_v7\nexpa_and_std\AndroidManifest.xml:45:13-49:29
action#android.intent.action.MAIN
ADDED from nexpa_v7\nexpa_and_std\AndroidManifest.xml:46:17-69
	android:name
		ADDED from nexpa_v7\nexpa_and_std\AndroidManifest.xml:46:25-66
category#android.intent.category.LAUNCHER
ADDED from nexpa_v7\nexpa_and_std\AndroidManifest.xml:48:17-77
	android:name
		ADDED from nexpa_v7\nexpa_and_std\AndroidManifest.xml:48:27-74
activity#com.lpoezy.nexpa.activities.PeopleActivity
ADDED from nexpa_v7\nexpa_and_std\AndroidManifest.xml:52:9-63
	android:name
		ADDED from nexpa_v7\nexpa_and_std\AndroidManifest.xml:52:19-60
activity#com.lpoezy.nexpa.activities.ForgotPasswordActivity
ADDED from nexpa_v7\nexpa_and_std\AndroidManifest.xml:53:9-71
	android:name
		ADDED from nexpa_v7\nexpa_and_std\AndroidManifest.xml:53:19-68
activity#com.lpoezy.nexpa.activities.TabHostActivity
ADDED from nexpa_v7\nexpa_and_std\AndroidManifest.xml:54:9-56:55
	android:windowSoftInputMode
		ADDED from nexpa_v7\nexpa_and_std\AndroidManifest.xml:56:13-52
	android:name
		ADDED from nexpa_v7\nexpa_and_std\AndroidManifest.xml:55:13-55
activity#com.lpoezy.nexpa.activities.SearchActivity
ADDED from nexpa_v7\nexpa_and_std\AndroidManifest.xml:57:9-63
	android:name
		ADDED from nexpa_v7\nexpa_and_std\AndroidManifest.xml:57:19-60
activity#com.lpoezy.nexpa.activities.ChatActivity
ADDED from nexpa_v7\nexpa_and_std\AndroidManifest.xml:59:9-66:20
	android:parentActivityName
		ADDED from nexpa_v7\nexpa_and_std\AndroidManifest.xml:61:13-69
	android:theme
		ADDED from nexpa_v7\nexpa_and_std\AndroidManifest.xml:62:13-44
	android:name
		ADDED from nexpa_v7\nexpa_and_std\AndroidManifest.xml:60:13-52
meta-data#android.support.PARENT_ACTIVITY
ADDED from nexpa_v7\nexpa_and_std\AndroidManifest.xml:63:13-65:63
	android:value
		ADDED from nexpa_v7\nexpa_and_std\AndroidManifest.xml:65:17-60
	android:name
		ADDED from nexpa_v7\nexpa_and_std\AndroidManifest.xml:64:17-63
activity#com.lpoezy.nexpa.activities.CreateAccountActivity
ADDED from nexpa_v7\nexpa_and_std\AndroidManifest.xml:67:9-70
	android:name
		ADDED from nexpa_v7\nexpa_and_std\AndroidManifest.xml:67:19-67
activity#com.lpoezy.nexpa.activities.PeopleProfileActivity
ADDED from nexpa_v7\nexpa_and_std\AndroidManifest.xml:68:9-70:47
	android:theme
		ADDED from nexpa_v7\nexpa_and_std\AndroidManifest.xml:70:13-44
	android:name
		ADDED from nexpa_v7\nexpa_and_std\AndroidManifest.xml:69:13-61
activity#com.lpoezy.nexpa.activities.RegisterActivity
ADDED from nexpa_v7\nexpa_and_std\AndroidManifest.xml:71:9-65
	android:name
		ADDED from nexpa_v7\nexpa_and_std\AndroidManifest.xml:71:19-62
activity#com.lpoezy.nexpa.activities.SearchPostActivity
ADDED from nexpa_v7\nexpa_and_std\AndroidManifest.xml:72:9-74:47
	android:theme
		ADDED from nexpa_v7\nexpa_and_std\AndroidManifest.xml:74:13-44
	android:name
		ADDED from nexpa_v7\nexpa_and_std\AndroidManifest.xml:73:13-58
activity#com.lpoezy.nexpa.activities.LogInActivity
ADDED from nexpa_v7\nexpa_and_std\AndroidManifest.xml:75:9-62
	android:name
		ADDED from nexpa_v7\nexpa_and_std\AndroidManifest.xml:75:19-59
activity#com.lpoezy.nexpa.activities.GroupChatHomeActivity
ADDED from nexpa_v7\nexpa_and_std\AndroidManifest.xml:76:9-78:72
	android:theme
		ADDED from nexpa_v7\nexpa_and_std\AndroidManifest.xml:78:13-69
	android:name
		ADDED from nexpa_v7\nexpa_and_std\AndroidManifest.xml:77:13-61
activity#com.lpoezy.nexpa.activities.GroupChatMainActivity
ADDED from nexpa_v7\nexpa_and_std\AndroidManifest.xml:79:9-70
	android:name
		ADDED from nexpa_v7\nexpa_and_std\AndroidManifest.xml:79:19-67
activity#com.lpoezy.nexpa.activities.ProfileActivity
ADDED from nexpa_v7\nexpa_and_std\AndroidManifest.xml:80:9-64
	android:name
		ADDED from nexpa_v7\nexpa_and_std\AndroidManifest.xml:80:19-61
activity#com.lpoezy.nexpa.activities.UserProfileActivity
ADDED from nexpa_v7\nexpa_and_std\AndroidManifest.xml:81:9-84:55
	android:windowSoftInputMode
		ADDED from nexpa_v7\nexpa_and_std\AndroidManifest.xml:84:13-52
	android:theme
		ADDED from nexpa_v7\nexpa_and_std\AndroidManifest.xml:83:13-44
	android:name
		ADDED from nexpa_v7\nexpa_and_std\AndroidManifest.xml:82:13-59
activity#com.lpoezy.nexpa.activities.MainSignInActivity
ADDED from nexpa_v7\nexpa_and_std\AndroidManifest.xml:85:9-87:72
	android:theme
		ADDED from nexpa_v7\nexpa_and_std\AndroidManifest.xml:87:13-69
	android:name
		ADDED from nexpa_v7\nexpa_and_std\AndroidManifest.xml:86:13-58
activity#com.lpoezy.nexpa.activities.GroupActivity
ADDED from nexpa_v7\nexpa_and_std\AndroidManifest.xml:88:9-62
	android:name
		ADDED from nexpa_v7\nexpa_and_std\AndroidManifest.xml:88:19-59
activity#com.lpoezy.nexpa.activities.AroundMeActivity
ADDED from nexpa_v7\nexpa_and_std\AndroidManifest.xml:89:9-65
	android:name
		ADDED from nexpa_v7\nexpa_and_std\AndroidManifest.xml:89:19-62
meta-data#com.facebook.sdk.ApplicationId
ADDED from nexpa_v7\nexpa_and_std\AndroidManifest.xml:91:9-93:46
	android:value
		ADDED from nexpa_v7\nexpa_and_std\AndroidManifest.xml:93:13-43
	android:name
		ADDED from nexpa_v7\nexpa_and_std\AndroidManifest.xml:92:13-58
activity#com.lpoezy.nexpa.activities.ChatHistoryActivity
ADDED from nexpa_v7\nexpa_and_std\AndroidManifest.xml:95:9-97:67
	android:label
		ADDED from nexpa_v7\nexpa_and_std\AndroidManifest.xml:97:13-64
	android:name
		ADDED from nexpa_v7\nexpa_and_std\AndroidManifest.xml:96:13-59
service#com.lpoezy.nexpa.chatservice.ChatMessagesService
ADDED from nexpa_v7\nexpa_and_std\AndroidManifest.xml:99:9-103:19
	android:enabled
		ADDED from nexpa_v7\nexpa_and_std\AndroidManifest.xml:101:13-35
	android:exported
		ADDED from nexpa_v7\nexpa_and_std\AndroidManifest.xml:102:13-36
	android:name
		ADDED from nexpa_v7\nexpa_and_std\AndroidManifest.xml:100:13-60
receiver#com.lpoezy.nexpa.chatservice.NetworkChangeReceiver
ADDED from nexpa_v7\nexpa_and_std\AndroidManifest.xml:107:9-114:20
	android:label
		ADDED from nexpa_v7\nexpa_and_std\AndroidManifest.xml:109:13-50
	android:name
		ADDED from nexpa_v7\nexpa_and_std\AndroidManifest.xml:108:13-62
intent-filter#android.net.conn.CONNECTIVITY_CHANGE+android.net.wifi.WIFI_STATE_CHANGED
ADDED from nexpa_v7\nexpa_and_std\AndroidManifest.xml:110:13-113:29
action#android.net.conn.CONNECTIVITY_CHANGE
ADDED from nexpa_v7\nexpa_and_std\AndroidManifest.xml:111:17-79
	android:name
		ADDED from nexpa_v7\nexpa_and_std\AndroidManifest.xml:111:25-76
action#android.net.wifi.WIFI_STATE_CHANGED
ADDED from nexpa_v7\nexpa_and_std\AndroidManifest.xml:112:17-78
	android:name
		ADDED from nexpa_v7\nexpa_and_std\AndroidManifest.xml:112:25-75
activity#com.lpoezy.nexpa.activities.SettingsActivity
ADDED from nexpa_v7\nexpa_and_std\AndroidManifest.xml:116:9-118:47
	android:theme
		ADDED from nexpa_v7\nexpa_and_std\AndroidManifest.xml:118:13-44
	android:name
		ADDED from nexpa_v7\nexpa_and_std\AndroidManifest.xml:117:13-56
service#com.lpoezy.nexpa.chatservice.SyncDataService
ADDED from nexpa_v7\nexpa_and_std\AndroidManifest.xml:120:9-121:19
	android:name
		ADDED from nexpa_v7\nexpa_and_std\AndroidManifest.xml:120:18-61
service#com.lpoezy.nexpa.chatservice.SyncUserProfileService
ADDED from nexpa_v7\nexpa_and_std\AndroidManifest.xml:122:9-123:19
	android:name
		ADDED from nexpa_v7\nexpa_and_std\AndroidManifest.xml:122:18-68
service#com.lpoezy.nexpa.chatservice.SyncProfilePictureService
ADDED from nexpa_v7\nexpa_and_std\AndroidManifest.xml:124:9-125:19
	android:name
		ADDED from nexpa_v7\nexpa_and_std\AndroidManifest.xml:124:18-71
activity#com.lpoezy.nexpa.activities.OthersBroadcastActivity
ADDED from nexpa_v7\nexpa_and_std\AndroidManifest.xml:127:9-134:20
	android:parentActivityName
		ADDED from nexpa_v7\nexpa_and_std\AndroidManifest.xml:129:13-75
	android:theme
		ADDED from nexpa_v7\nexpa_and_std\AndroidManifest.xml:130:13-44
	android:name
		ADDED from nexpa_v7\nexpa_and_std\AndroidManifest.xml:128:13-63
activity#com.lpoezy.nexpa.activities.BuddyRequestActivity
ADDED from nexpa_v7\nexpa_and_std\AndroidManifest.xml:135:9-136:20
	android:name
		ADDED from nexpa_v7\nexpa_and_std\AndroidManifest.xml:135:19-66
service#com.lpoezy.nexpa.chatservice.XMPPService
ADDED from nexpa_v7\nexpa_and_std\AndroidManifest.xml:138:9-142:19
	android:enabled
		ADDED from nexpa_v7\nexpa_and_std\AndroidManifest.xml:140:13-35
	android:exported
		ADDED from nexpa_v7\nexpa_and_std\AndroidManifest.xml:141:13-37
	android:name
		ADDED from nexpa_v7\nexpa_and_std\AndroidManifest.xml:139:13-52
service#com.lpoezy.nexpa.chatservice.RegistrationIntentService
ADDED from nexpa_v7\nexpa_and_std\AndroidManifest.xml:144:9-147:19
	android:exported
		ADDED from nexpa_v7\nexpa_and_std\AndroidManifest.xml:146:13-37
	android:name
		ADDED from nexpa_v7\nexpa_and_std\AndroidManifest.xml:145:13-82
service#com.lpoezy.nexpa.chatservice.MyInstanceIdListenerService
ADDED from nexpa_v7\nexpa_and_std\AndroidManifest.xml:149:9-155:19
	android:exported
		ADDED from nexpa_v7\nexpa_and_std\AndroidManifest.xml:151:13-37
	android:name
		ADDED from nexpa_v7\nexpa_and_std\AndroidManifest.xml:150:13-84
intent-filter#com.google.android.gms.iid.InstanceID
ADDED from nexpa_v7\nexpa_and_std\AndroidManifest.xml:152:13-154:29
action#com.google.android.gms.iid.InstanceID
ADDED from nexpa_v7\nexpa_and_std\AndroidManifest.xml:153:17-80
	android:name
		ADDED from nexpa_v7\nexpa_and_std\AndroidManifest.xml:153:25-77
receiver#com.google.android.gms.gcm.GcmReceiver
ADDED from nexpa_v7\nexpa_and_std\AndroidManifest.xml:157:9-166:20
	android:exported
		ADDED from nexpa_v7\nexpa_and_std\AndroidManifest.xml:159:13-36
	android:permission
		ADDED from nexpa_v7\nexpa_and_std\AndroidManifest.xml:160:13-73
	android:name
		ADDED from nexpa_v7\nexpa_and_std\AndroidManifest.xml:158:13-66
intent-filter#com.codepath.gcmquickstart+com.google.android.c2dm.intent.RECEIVE
ADDED from nexpa_v7\nexpa_and_std\AndroidManifest.xml:161:13-165:29
action#com.google.android.c2dm.intent.RECEIVE
ADDED from nexpa_v7\nexpa_and_std\AndroidManifest.xml:162:17-81
	android:name
		ADDED from nexpa_v7\nexpa_and_std\AndroidManifest.xml:162:25-78
category#com.codepath.gcmquickstart
ADDED from nexpa_v7\nexpa_and_std\AndroidManifest.xml:164:17-71
	android:name
		ADDED from nexpa_v7\nexpa_and_std\AndroidManifest.xml:164:27-68
provider#com.google.android.gms.measurement.AppMeasurementContentProvider
ADDED from [com.google.android.gms:play-services-measurement:8.4.0] AndroidManifest.xml:28:7-31:37
	android:authorities
		ADDED from [com.google.android.gms:play-services-measurement:8.4.0] AndroidManifest.xml:29:11-76
	android:exported
		ADDED from [com.google.android.gms:play-services-measurement:8.4.0] AndroidManifest.xml:31:11-35
	android:name
		ADDED from [com.google.android.gms:play-services-measurement:8.4.0] AndroidManifest.xml:30:11-90
receiver#com.google.android.gms.measurement.AppMeasurementReceiver
ADDED from [com.google.android.gms:play-services-measurement:8.4.0] AndroidManifest.xml:33:7-39:18
	android:enabled
		ADDED from [com.google.android.gms:play-services-measurement:8.4.0] AndroidManifest.xml:35:11-33
	android:name
		ADDED from [com.google.android.gms:play-services-measurement:8.4.0] AndroidManifest.xml:34:11-83
intent-filter#com.google.android.gms.measurement.UPLOAD
ADDED from [com.google.android.gms:play-services-measurement:8.4.0] AndroidManifest.xml:36:9-38:25
action#com.google.android.gms.measurement.UPLOAD
ADDED from [com.google.android.gms:play-services-measurement:8.4.0] AndroidManifest.xml:37:11-77
	android:name
		ADDED from [com.google.android.gms:play-services-measurement:8.4.0] AndroidManifest.xml:37:19-75
service#com.google.android.gms.measurement.AppMeasurementService
ADDED from [com.google.android.gms:play-services-measurement:8.4.0] AndroidManifest.xml:41:7-44:37
	android:enabled
		ADDED from [com.google.android.gms:play-services-measurement:8.4.0] AndroidManifest.xml:43:11-33
	android:exported
		ADDED from [com.google.android.gms:play-services-measurement:8.4.0] AndroidManifest.xml:44:11-35
	android:name
		ADDED from [com.google.android.gms:play-services-measurement:8.4.0] AndroidManifest.xml:42:11-82
uses-feature#0x00020000
ADDED from [com.google.android.gms:play-services-maps:8.4.0] AndroidManifest.xml:22:5-24:33
	android:glEsVersion
		ADDED from [com.google.android.gms:play-services-maps:8.4.0] AndroidManifest.xml:23:8-40
	android:required
		ADDED from [com.google.android.gms:play-services-maps:8.4.0] AndroidManifest.xml:24:8-31